
SIN ÍNDICE

Plan hash value: 290110313
 
---------------------------------------------------------------------------------------------------------
| Id  | Operation             | Name            | Rows  | Bytes | Cost (%CPU)| Time     | Pstart| Pstop |
---------------------------------------------------------------------------------------------------------
|   0 | SELECT STATEMENT      |                 |     4 |   140 |     3   (0)| 00:00:01 |       |       |
|   1 |  PARTITION LIST INLIST|                 |     4 |   140 |     3   (0)| 00:00:01 |KEY(I) |KEY(I) |
|   2 |   TABLE ACCESS FULL   | ABD05_TRADUCTOR |     4 |   140 |     3   (0)| 00:00:01 |KEY(I) |KEY(I) |
---------------------------------------------------------------------------------------------------------



CON ÍNDICE sin reducir costo

Plan hash value: 290110313
 
---------------------------------------------------------------------------------------------------------
| Id  | Operation             | Name            | Rows  | Bytes | Cost (%CPU)| Time     | Pstart| Pstop |
---------------------------------------------------------------------------------------------------------
|   0 | SELECT STATEMENT      |                 |     4 |   140 |     3   (0)| 00:00:01 |       |       |
|   1 |  PARTITION LIST INLIST|                 |     4 |   140 |     3   (0)| 00:00:01 |KEY(I) |KEY(I) |
|   2 |   TABLE ACCESS FULL   | ABD05_TRADUCTOR |     4 |   140 |     3   (0)| 00:00:01 |KEY(I) |KEY(I) |




CON ÍNDICE reduciendo el costo a la mitad

Plan hash value: 194036820
 
------------------------------------------------------------------------------------------------------------------------
| Id  | Operation                           | Name             | Rows  | Bytes | Cost (%CPU)| Time     | Pstart| Pstop |
------------------------------------------------------------------------------------------------------------------------
|   0 | SELECT STATEMENT                    |                  |     4 |   140 |     2   (0)| 00:00:01 |       |       |
|   1 |  INLIST ITERATOR                    |                  |       |       |            |          |       |       |
|   2 |   TABLE ACCESS BY GLOBAL INDEX ROWID| ABD05_TRADUCTOR  |     4 |   140 |     2   (0)| 00:00:01 | ROWID | ROWID |
|*  3 |    INDEX RANGE SCAN                 | TRADUCTOR_IDIOMA |     4 |       |     1   (0)| 00:00:01 |       |       |

--------------------------------------------------- 
Predicate Information (identified by operation id):
---------------------------------------------------
 
   3 - access("IDIOMA"='inglés' OR "IDIOMA"='italiano')